<?xml version="1.0" encoding="UTF-8"?>
<!-- Generated by org.testng.reporters.JUnitReportReporter -->
<testsuite skipped="0" hostname="CHIC02S10KWG8WL" name="AccountPage" tests="2" failures="0" timestamp="15 Sep 2018 13:53:52 GMT" time="35.126" errors="0">
  <testcase name="testTWCSignIn" time="15.547" classname="AccountPage"/>
  <testcase name="testTWCSignIn2" time="19.579" classname="AccountPage"/>
</testsuite> <!-- AccountPage -->
